make all --print-data-base --no-builtin-variables --no-builtin-rules --question
# GNU Make 4.2.1
# Built for x86_64-pc-linux-gnu
# Copyright (C) 1988-2016 Free Software Foundation, Inc.
# License GPLv3+: GNU GPL version 3 or later <http://gnu.org/licenses/gpl.html>
# This is free software: you are free to change and redistribute it.
# There is NO WARRANTY, to the extent permitted by law.

# Make data base, printed on Sun Jun 19 12:02:43 2022

# Variables

# automatic
<D = $(patsubst %/,%,$(dir $<))
# automatic
?F = $(notdir $?)
# environment
DESKTOP_SESSION = cinnamon
# default
.SHELLFLAGS := -c
# environment
XDG_SESSION_CLASS = user
# makefile (from 'Makefile', line 2)
SRC = $(wildcard src/*.cpp)
# environment
XDG_SESSION_TYPE = x11
# environment
VSCODE_LOG_NATIVE = false
# environment
GTK3_MODULES = xapp-gtk3-module
# automatic
?D = $(patsubst %/,%,$(dir $?))
# automatic
@D = $(patsubst %/,%,$(dir $@))
# environment
XAUTHORITY = /home/hael-mou/.Xauthority
# environment
GDMSESSION = cinnamon
# default
MAKE_VERSION := 4.2.1
# makefile
CURDIR := /home/hael-mou/Desktop/Games/RPG 1.0.0
# makefile
SHELL = /bin/sh
# environment
GDM_LANG = en_US
# environment
VSCODE_NLS_CONFIG = {"locale":"en-us","availableLanguages":{},"_languagePackSupport":true}
# environment
_ = /usr/share/code/code
# makefile (from 'Makefile', line 10)
CFLAGS = -std=c++14 -m64 -Wall -Wextra -Werror -g
# environment
XDG_CONFIG_DIRS = /etc/xdg/xdg-cinnamon:/etc/xdg
# environment
GTK_OVERLAY_SCROLLING = 1
# makefile (from 'Makefile', line 1)
MAKEFILE_LIST :=  Makefile
# automatic
@F = $(notdir $@)
# environment
GIO_LAUNCHED_DESKTOP_FILE = /usr/share/applications/code.desktop
# 'override' directive
GNUMAKEFLAGS := 
# environment
MANDATORY_PATH = /usr/share/gconf/cinnamon.mandatory.path
# environment
XDG_DATA_DIRS = /usr/share/cinnamon:/usr/share/gnome:/home/hael-mou/.local/share/flatpak/exports/share:/var/lib/flatpak/exports/share:/usr/local/share:/usr/share
# environment
DBUS_SESSION_BUS_ADDRESS = unix:path=/run/user/1000/bus
# environment
VSCODE_VERBOSE_LOGGING = true
# makefile (from 'Makefile', line 4)
OBJS = ${SRC:.cpp=.o}
# environment
VSCODE_IPC_HOOK_EXTHOST = /run/user/1000/vscode-ipc-dc35e6ad-7a09-4e90-8d74-1d25ac63de1a.sock
# environment
LC_NAME = ar_MA.UTF-8
# environment
VSCODE_CWD = /home/hael-mou
# environment
XDG_SESSION_PATH = /org/freedesktop/DisplayManager/Session1
# default
MAKE_HOST := x86_64-pc-linux-gnu
# environment
PATH = /usr/local/sbin:/usr/local/bin:/usr/sbin:/usr/bin:/sbin:/bin:/usr/games:/usr/local/games:/snap/bin
# environment
GPG_AGENT_INFO = /run/user/1000/gnupg/S.gpg-agent:0:1
# environment
GJS_DEBUG_OUTPUT = stderr
# environment
LSCOLORS = Gxfxcxdxbxegedabagacad
# environment
SESSION_MANAGER = local/hael-mou:@/tmp/.ICE-unix/7315,unix/hael-mou:/tmp/.ICE-unix/7315
# environment
XDG_RUNTIME_DIR = /run/user/1000
# environment
VSCODE_LOG_STACK = false
# environment
ELECTRON_RUN_AS_NODE = 1
# default
.FEATURES := target-specific order-only second-expansion else-if shortest-stem undefine oneshell archives jobserver output-sync check-symlink load
# environment
XDG_GREETER_DATA_DIR = /var/lib/lightdm-data/hael-mou
# environment
LS_COLORS = 
# environment
XDG_SESSION_DESKTOP = cinnamon
# environment
SSH_AUTH_SOCK = /run/user/1000/keyring/ssh
# environment
GIO_LAUNCHED_DESKTOP_FILE_PID = 7811
# automatic
%F = $(notdir $%)
# environment
DISPLAY = :0
# environment
VSCODE_PIPE_LOGGING = true
# environment
PWD = /home/hael-mou/Desktop/Games/RPG 1.0.0
# environment
QT_QPA_PLATFORMTHEME = qt5ct
# default
.LOADED := 
# environment
XDG_SEAT = seat0
# environment
SSH_AGENT_PID = 7384
# environment
ORIGINAL_XDG_CURRENT_DESKTOP = X-Cinnamon
# environment
GTK_MODULES = gail:atk-bridge
# environment
VSCODE_AMD_ENTRYPOINT = vs/workbench/api/node/extensionHostProcess
# environment
HOME = /home/hael-mou
# environment
VSCODE_CODE_CACHE_PATH = /home/hael-mou/.config/Code/CachedData/30d9c6cd9483b2cc586687151bcbcd635f373630
# environment
LOGNAME = hael-mou
# environment
APPLICATION_INSIGHTS_NO_DIAGNOSTIC_CHANNEL = 1
# automatic
+F = $(notdir $+)
# environment
ZSH = /home/hael-mou/.oh-my-zsh
# environment
VSCODE_HANDLES_UNCAUGHT_ERRORS = true
# environment
GNOME_DESKTOP_SESSION_ID = this-is-deprecated
# automatic
^D = $(patsubst %/,%,$(dir $^))
# environment
XDG_VTNR = 7
# environment
MAKELEVEL := 0
# default
MAKE = $(MAKE_COMMAND)
# default
MAKECMDGOALS := all
# environment
SHLVL = 0
# makefile (from 'Makefile', line 7)
CC = g++
# makefile (from 'Makefile', line 14)
EXEC = RPG_v1
# environment
XDG_SESSION_ID = c4
# environment
USER = hael-mou
# environment
LC_MONETARY = ar_MA.UTF-8
# makefile
.DEFAULT_GOAL := all
# environment
XDG_CURRENT_DESKTOP = X-Cinnamon
# environment
LESS = -R
# automatic
%D = $(patsubst %/,%,$(dir $%))
# environment
LC_TELEPHONE = ar_MA.UTF-8
# makefile (from 'Makefile', line 11)
LFLAGS = -lSDL2main -lSDL2 -lSDL2_image
# default
MAKE_COMMAND := make
# environment
OLDPWD = /home/hael-mou
# default
.VARIABLES := 
# automatic
*F = $(notdir $*)
# environment
LANGUAGE = en_US
# environment
XDG_SEAT_PATH = /org/freedesktop/DisplayManager/Seat0
# environment
VSCODE_IPC_HOOK = /run/user/1000/vscode-cef8deb3-1.68.1-main.sock
# makefile
MAKEFLAGS = pqrR
# environment
MFLAGS = -pqrR
# automatic
*D = $(patsubst %/,%,$(dir $*))
# automatic
+D = $(patsubst %/,%,$(dir $+))
# environment
GDK_BACKEND = x11
# environment
LC_PAPER = ar_MA.UTF-8
# environment
CINNAMON_VERSION = 5.2.7
# environment
QT_ACCESSIBILITY = 1
# environment
DEFAULTS_PATH = /usr/share/gconf/cinnamon.default.path
# default
MAKEFILES := 
# environment
LC_NUMERIC = ar_MA.UTF-8
# automatic
<F = $(notdir $<)
# environment
LC_MEASUREMENT = ar_MA.UTF-8
# environment
PAGER = less
# environment
LC_ALL = C
# makefile (from 'Makefile', line 3)
HEADER = include
# environment
GJS_DEBUG_TOPICS = JS ERROR;JS LOG
# automatic
^F = $(notdir $^)
# default
SUFFIXES := 
# environment
CHROME_DESKTOP = code-url-handler.desktop
# default
.INCLUDE_DIRS = /usr/include /usr/local/include /usr/include
# environment
LC_IDENTIFICATION = ar_MA.UTF-8
# default
.RECIPEPREFIX := 
# environment
LC_ADDRESS = ar_MA.UTF-8
# environment
LANG = C
# environment
VSCODE_PID = 7811
# variable set hash-table stats:
# Load=119/1024=12%, Rehash=0, Collisions=12/154=8%

# Pattern-specific Variable Values

# No pattern-specific variable values.

# Directories

# . (device 2054, inode 680292): 9 files, no impossibilities.
# src (device 2054, inode 680294): 8 files, no impossibilities.

# 17 files, no impossibilities in 2 directories.

# Implicit Rules

%.o: %.cpp
#  recipe to execute (from 'Makefile', line 17):
	${CC} -I ${HEADER} ${CFLAGS} -c $<  -o $@

# 1 implicit rules, 0 (0.0%) terminal.

# Files

drun:
#  Implicit rule search has not been done.
#  Modification time never checked.
#  File has not been updated.
#  recipe to execute (from 'Makefile', line 25):
	clear
	@./bin/debug/${EXEC}
 

clear:
#  Implicit rule search has not been done.
#  Modification time never checked.
#  File has not been updated.
#  recipe to execute (from 'Makefile', line 29):
	rm -rf  src/*.o

src/Main.o: src/Main.cpp
#  Implicit rule search has been done.
#  Implicit/static pattern stem: 'src/Main'
#  Last modified 2022-06-18 21:38:26.534041897
#  File has been updated.
#  Successfully updated.
#  recipe to execute (from 'Makefile', line 17):
	${CC} -I ${HEADER} ${CFLAGS} -c $<  -o $@

all: debug drun
#  Command line target.
#  Implicit rule search has been done.
#  File does not exist.
#  File has been updated.
#  Needs to be updated (-q is set).
# variable set hash-table stats:
# Load=0/32=0%, Rehash=0, Collisions=0/8=0%

# Not a target:
src/Engine.cpp:
#  Implicit rule search has been done.
#  Last modified 2022-06-18 21:43:32.590033762
#  File has been updated.
#  Successfully updated.

# Not a target:
src/TextureManager.cpp:
#  Implicit rule search has been done.
#  Last modified 2022-06-17 23:11:20.477108621
#  File has been updated.
#  Successfully updated.

# Not a target:
.SUFFIXES:
#  Implicit rule search has not been done.
#  Modification time never checked.
#  File has not been updated.

# Not a target:
Makefile:
#  Implicit rule search has been done.
#  Last modified 2022-06-17 23:11:11.90847565
#  File has been updated.
#  Successfully updated.

debug: src/Engine.o src/Main.o src/TextureManager.o
#  Implicit rule search has not been done.
#  Implicit/static pattern stem: ''
#  File does not exist.
#  File has been updated.
#  Needs to be updated (-q is set).
# automatic
# @ := debug
# automatic
# % := 
# automatic
# * := 
# automatic
# + := src/Engine.o src/Main.o src/TextureManager.o
# automatic
# | := 
# automatic
# < := src/Engine.o
# automatic
# ^ := src/Engine.o src/Main.o src/TextureManager.o
# automatic
# ? := src/Engine.o src/Main.o src/TextureManager.o
# variable set hash-table stats:
# Load=8/32=25%, Rehash=0, Collisions=6/16=38%
#  recipe to execute (from 'Makefile', line 22):
	${CC} ${OBJS} -o bin/debug/${EXEC} ${LFLAGS}

# Not a target:
.DEFAULT:
#  Implicit rule search has not been done.
#  Modification time never checked.
#  File has not been updated.

src/Engine.o: src/Engine.cpp
#  Implicit rule search has been done.
#  Implicit/static pattern stem: 'src/Engine'
#  Last modified 2022-06-18 21:43:39.334122284
#  File has been updated.
#  Successfully updated.
#  recipe to execute (from 'Makefile', line 17):
	${CC} -I ${HEADER} ${CFLAGS} -c $<  -o $@

re: fclear all
#  Implicit rule search has not been done.
#  Modification time never checked.
#  File has not been updated.

# Not a target:
src/Main.cpp:
#  Implicit rule search has been done.
#  Last modified 2022-06-17 23:48:12.196644432
#  File has been updated.
#  Successfully updated.

src/TextureManager.o: src/TextureManager.cpp
#  Implicit rule search has been done.
#  Implicit/static pattern stem: 'src/TextureManager'
#  Last modified 2022-06-18 21:38:27.978060589
#  File has been updated.
#  Successfully updated.
#  recipe to execute (from 'Makefile', line 17):
	${CC} -I ${HEADER} ${CFLAGS} -c $<  -o $@

fclear: clear
#  Implicit rule search has not been done.
#  Modification time never checked.
#  File has not been updated.
#  recipe to execute (from 'Makefile', line 32):
	rm -rf  bin/debug/${EXEC}

# files hash-table stats:
# Load=15/1024=1%, Rehash=0, Collisions=0/46=0%
# VPATH Search Paths

# No 'vpath' search paths.

# No general ('VPATH' variable) search path.

# strcache buffers: 1 (0) / strings = 36 / storage = 345 B / avg = 9 B
# current buf: size = 8162 B / used = 345 B / count = 36 / avg = 9 B

# strcache performance: lookups = 59 / hit rate = 38%
# hash-table stats:
# Load=36/8192=0%, Rehash=0, Collisions=3/59=5%
# Finished Make data base on Sun Jun 19 12:02:43 2022

 
